#
# There is insufficient memory for the Java Runtime Environment to continue.
# Native memory allocation (malloc) failed to allocate 834736 bytes. Error detail: Chunk::new
# Possible reasons:
#   The system is out of physical RAM or swap space
#   This process is running with CompressedOops enabled, and the Java Heap may be blocking the growth of the native heap
# Possible solutions:
#   Reduce memory load on the system
#   Increase physical memory or swap space
#   Check if swap backing store is full
#   Decrease Java heap size (-Xmx/-Xms)
#   Decrease number of Java threads
#   Decrease Java thread stack sizes (-Xss)
#   Set larger code cache with -XX:ReservedCodeCacheSize=
#   JVM is running with Zero Based Compressed Oops mode in which the Java heap is
#     placed in the first 32GB address space. The Java Heap base address is the
#     maximum limit for the native heap growth. Please use -XX:HeapBaseMinAddress
#     to set the Java Heap base and to place the Java Heap above 32GB virtual address.
# This output file may be truncated or incomplete.
#
#  Out of Memory Error (arena.cpp:168), pid=16360, tid=17452
#
# JRE version: OpenJDK Runtime Environment (21.0.3) (build 21.0.3+-12282718-b509.11)
# Java VM: OpenJDK 64-Bit Server VM (21.0.3+-12282718-b509.11, mixed mode, tiered, compressed oops, compressed class ptrs, g1 gc, windows-amd64)
# No core dump will be written. Minidumps are not enabled by default on client versions of Windows
#

---------------  S U M M A R Y ------------

Command Line: git4idea.http.GitAskPassApp Username for 'https://github.com': 

Host: 11th Gen Intel(R) Core(TM) i5-11400 @ 2.60GHz, 12 cores, 15G,  Windows 10 , 64 bit Build 19041 (10.0.19041.5072)
Time: Sat Jun  7 12:47:53 2025 RTZ 2 (s 10 , 64 bit Build 19041 (10.0.19041.5072) elapsed time: 0.495578 seconds (0d 0h 0m 0s)

---------------  T H R E A D  ---------------

Current thread (0x00000187ee0fe270):  JavaThread "C2 CompilerThread0" daemon [_thread_in_native, id=17452, stack(0x00000086be500000,0x00000086be600000) (1024K)]


Current CompileTask:
C2:    495 1016       4       sun.security.ec.ECOperations::setDouble (463 bytes)

Stack: [0x00000086be500000,0x00000086be600000]
Native frames: (J=compiled Java code, j=interpreted, Vv=VM code, C=native code)
V  [jvm.dll+0x6cafb9]
V  [jvm.dll+0x858523]
V  [jvm.dll+0x85aa7e]
V  [jvm.dll+0x85b163]
V  [jvm.dll+0x27d356]
V  [jvm.dll+0xbf93d]
V  [jvm.dll+0xbfe73]
V  [jvm.dll+0x2f0eb1]
V  [jvm.dll+0x5f5a39]
V  [jvm.dll+0x24fad2]
V  [jvm.dll+0x24fe8f]
V  [jvm.dll+0x248775]
V  [jvm.dll+0x245fce]
V  [jvm.dll+0x1c5804]
V  [jvm.dll+0x25575c]
V  [jvm.dll+0x253c36]
V  [jvm.dll+0x3ec996]
V  [jvm.dll+0x800d78]
V  [jvm.dll+0x6c98cd]
C  [ucrtbase.dll+0x21bb2]
C  [KERNEL32.DLL+0x17374]
C  [ntdll.dll+0x4cc91]


---------------  P R O C E S S  ---------------

Threads class SMR info:
_java_thread_list=0x00000187ee902a50, length=15, elements={
0x00000187d1b4cd50, 0x00000187ee0f1350, 0x00000187ee0f2270, 0x00000187ee0d3720,
0x00000187ee0d6510, 0x00000187ee0d3db0, 0x00000187ee0d4ad0, 0x00000187ee0fe270,
0x00000187ee0db5c0, 0x00000187ee0d4440, 0x00000187ee0d57f0, 0x00000187ee0d6ba0,
0x00000187ee0d5160, 0x00000187ee0d5e80, 0x00000187ee945010
}

Java Threads: ( => current thread )
  0x00000187d1b4cd50 JavaThread "main"                              [_thread_blocked, id=12372, stack(0x00000086bd700000,0x00000086bd800000) (1024K)]
  0x00000187ee0f1350 JavaThread "Reference Handler"          daemon [_thread_blocked, id=19964, stack(0x00000086bdf00000,0x00000086be000000) (1024K)]
  0x00000187ee0f2270 JavaThread "Finalizer"                  daemon [_thread_blocked, id=9684, stack(0x00000086be000000,0x00000086be100000) (1024K)]
  0x00000187ee0d3720 JavaThread "Signal Dispatcher"          daemon [_thread_blocked, id=17716, stack(0x00000086be100000,0x00000086be200000) (1024K)]
  0x00000187ee0d6510 JavaThread "Attach Listener"            daemon [_thread_blocked, id=7220, stack(0x00000086be200000,0x00000086be300000) (1024K)]
  0x00000187ee0d3db0 JavaThread "Service Thread"             daemon [_thread_blocked, id=12276, stack(0x00000086be300000,0x00000086be400000) (1024K)]
  0x00000187ee0d4ad0 JavaThread "Monitor Deflation Thread"   daemon [_thread_blocked, id=16420, stack(0x00000086be400000,0x00000086be500000) (1024K)]
=>0x00000187ee0fe270 JavaThread "C2 CompilerThread0"         daemon [_thread_in_native, id=17452, stack(0x00000086be500000,0x00000086be600000) (1024K)]
  0x00000187ee0db5c0 JavaThread "C1 CompilerThread0"         daemon [_thread_in_native, id=20004, stack(0x00000086be600000,0x00000086be700000) (1024K)]
  0x00000187ee0d4440 JavaThread "Notification Thread"        daemon [_thread_blocked, id=8100, stack(0x00000086be700000,0x00000086be800000) (1024K)]
  0x00000187ee0d57f0 JavaThread "Common-Cleaner"             daemon [_thread_blocked, id=19820, stack(0x00000086be800000,0x00000086be900000) (1024K)]
  0x00000187ee0d6ba0 JavaThread "HttpClient-1-SelectorManager" daemon [_thread_in_native, id=16816, stack(0x00000086be900000,0x00000086bea00000) (1024K)]
  0x00000187ee0d5160 JavaThread "HttpClient-1-Worker-0"      daemon [_thread_in_Java, id=14204, stack(0x00000086beb00000,0x00000086bec00000) (1024K)]
  0x00000187ee0d5e80 JavaThread "HttpClient-1-Worker-1"      daemon [_thread_blocked, id=13492, stack(0x00000086bec00000,0x00000086bed00000) (1024K)]
  0x00000187ee945010 JavaThread "C2 CompilerThread1"         daemon [_thread_blocked, id=19292, stack(0x00000086bed00000,0x00000086bee00000) (1024K)]
Total: 15

Other Threads:
  0x00000187ee07f9b0 VMThread "VM Thread"                           [id=19396, stack(0x00000086bde00000,0x00000086bdf00000) (1024K)]
  0x00000187edeb2180 WatcherThread "VM Periodic Task Thread"        [id=18112, stack(0x00000086bdd00000,0x00000086bde00000) (1024K)]
  0x00000187d3d1e300 WorkerThread "GC Thread#0"                     [id=14308, stack(0x00000086bd800000,0x00000086bd900000) (1024K)]
  0x00000187d3d30130 ConcurrentGCThread "G1 Main Marker"            [id=19272, stack(0x00000086bd900000,0x00000086bda00000) (1024K)]
  0x00000187d3d313d0 WorkerThread "G1 Conc#0"                       [id=16608, stack(0x00000086bda00000,0x00000086bdb00000) (1024K)]
  0x00000187edd82770 ConcurrentGCThread "G1 Refine#0"               [id=1128, stack(0x00000086bdb00000,0x00000086bdc00000) (1024K)]
  0x00000187edd832e0 ConcurrentGCThread "G1 Service"                [id=11536, stack(0x00000086bdc00000,0x00000086bdd00000) (1024K)]
Total: 7

Threads with active compile tasks:
C2 CompilerThread0      510 1016       4       sun.security.ec.ECOperations::setDouble (463 bytes)
C1 CompilerThread0      510 1081       3       java.lang.invoke.MethodHandle::intrinsicName (4 bytes)
Total: 2

VM state: not at safepoint (normal execution)

VM Mutex/Monitor currently owned by a thread: None

Heap address: 0x0000000703200000, size: 4046 MB, Compressed Oops mode: Zero based, Oop shift amount: 3

CDS archive(s) not mapped
Compressed class space mapped at: 0x0000000800000000-0x0000000840000000, reserved size: 1073741824
Narrow klass base: 0x0000000800000000, Narrow klass shift: 0, Narrow klass range: 0x40000000

GC Precious Log:
 CardTable entry size: 512
 Card Set container configuration: InlinePtr #cards 4 size 8 Array Of Cards #cards 16 size 48 Howl #buckets 8 coarsen threshold 3686 Howl Bitmap #cards 512 size 80 coarsen threshold 460 Card regions per heap region 1 cards per card region 4096
 CPUs: 12 total, 12 available
 Memory: 16181M
 Large Page Support: Disabled
 NUMA Support: Disabled
 Compressed Oops: Enabled (Zero based)
 Heap Region Size: 2M
 Heap Min Capacity: 8M
 Heap Initial Capacity: 254M
 Heap Max Capacity: 4046M
 Pre-touch: Disabled
 Parallel Workers: 10
 Concurrent Workers: 3
 Concurrent Refinement Workers: 10
 Periodic GC: Disabled

Heap:
 garbage-first heap   total 260096K, used 14336K [0x0000000703200000, 0x0000000800000000)
  region size 2048K, 8 young (16384K), 0 survivors (0K)
 Metaspace       used 16735K, committed 17024K, reserved 1114112K
  class space    used 1795K, committed 1920K, reserved 1048576K

Heap Regions: E=young(eden), S=young(survivor), O=old, HS=humongous(starts), HC=humongous(continues), CS=collection set, F=free, TAMS=top-at-mark-start, PB=parsable bottom
|   0|0x0000000703200000, 0x0000000703200000, 0x0000000703400000|  0%| F|  |TAMS 0x0000000703200000| PB 0x0000000703200000| Untracked 
|   1|0x0000000703400000, 0x0000000703400000, 0x0000000703600000|  0%| F|  |TAMS 0x0000000703400000| PB 0x0000000703400000| Untracked 
|   2|0x0000000703600000, 0x0000000703600000, 0x0000000703800000|  0%| F|  |TAMS 0x0000000703600000| PB 0x0000000703600000| Untracked 
|   3|0x0000000703800000, 0x0000000703800000, 0x0000000703a00000|  0%| F|  |TAMS 0x0000000703800000| PB 0x0000000703800000| Untracked 
|   4|0x0000000703a00000, 0x0000000703a00000, 0x0000000703c00000|  0%| F|  |TAMS 0x0000000703a00000| PB 0x0000000703a00000| Untracked 
|   5|0x0000000703c00000, 0x0000000703c00000, 0x0000000703e00000|  0%| F|  |TAMS 0x0000000703c00000| PB 0x0000000703c00000| Untracked 
|   6|0x0000000703e00000, 0x0000000703e00000, 0x0000000704000000|  0%| F|  |TAMS 0x0000000703e00000| PB 0x0000000703e00000| Untracked 
|   7|0x0000000704000000, 0x0000000704000000, 0x0000000704200000|  0%| F|  |TAMS 0x0000000704000000| PB 0x0000000704000000| Untracked 
|   8|0x0000000704200000, 0x0000000704200000, 0x0000000704400000|  0%| F|  |TAMS 0x0000000704200000| PB 0x0000000704200000| Untracked 
|   9|0x0000000704400000, 0x0000000704400000, 0x0000000704600000|  0%| F|  |TAMS 0x0000000704400000| PB 0x0000000704400000| Untracked 
|  10|0x0000000704600000, 0x0000000704600000, 0x0000000704800000|  0%| F|  |TAMS 0x0000000704600000| PB 0x0000000704600000| Untracked 
|  11|0x0000000704800000, 0x0000000704800000, 0x0000000704a00000|  0%| F|  |TAMS 0x0000000704800000| PB 0x0000000704800000| Untracked 
|  12|0x0000000704a00000, 0x0000000704a00000, 0x0000000704c00000|  0%| F|  |TAMS 0x0000000704a00000| PB 0x0000000704a00000| Untracked 
|  13|0x0000000704c00000, 0x0000000704c00000, 0x0000000704e00000|  0%| F|  |TAMS 0x0000000704c00000| PB 0x0000000704c00000| Untracked 
|  14|0x0000000704e00000, 0x0000000704e00000, 0x0000000705000000|  0%| F|  |TAMS 0x0000000704e00000| PB 0x0000000704e00000| Untracked 
|  15|0x0000000705000000, 0x0000000705000000, 0x0000000705200000|  0%| F|  |TAMS 0x0000000705000000| PB 0x0000000705000000| Untracked 
|  16|0x0000000705200000, 0x0000000705200000, 0x0000000705400000|  0%| F|  |TAMS 0x0000000705200000| PB 0x0000000705200000| Untracked 
|  17|0x0000000705400000, 0x0000000705400000, 0x0000000705600000|  0%| F|  |TAMS 0x0000000705400000| PB 0x0000000705400000| Untracked 
|  18|0x0000000705600000, 0x0000000705600000, 0x0000000705800000|  0%| F|  |TAMS 0x0000000705600000| PB 0x0000000705600000| Untracked 
|  19|0x0000000705800000, 0x0000000705800000, 0x0000000705a00000|  0%| F|  |TAMS 0x0000000705800000| PB 0x0000000705800000| Untracked 
|  20|0x0000000705a00000, 0x0000000705a00000, 0x0000000705c00000|  0%| F|  |TAMS 0x0000000705a00000| PB 0x0000000705a00000| Untracked 
|  21|0x0000000705c00000, 0x0000000705c00000, 0x0000000705e00000|  0%| F|  |TAMS 0x0000000705c00000| PB 0x0000000705c00000| Untracked 
|  22|0x0000000705e00000, 0x0000000705e00000, 0x0000000706000000|  0%| F|  |TAMS 0x0000000705e00000| PB 0x0000000705e00000| Untracked 
|  23|0x0000000706000000, 0x0000000706000000, 0x0000000706200000|  0%| F|  |TAMS 0x0000000706000000| PB 0x0000000706000000| Untracked 
|  24|0x0000000706200000, 0x0000000706200000, 0x0000000706400000|  0%| F|  |TAMS 0x0000000706200000| PB 0x0000000706200000| Untracked 
|  25|0x0000000706400000, 0x0000000706400000, 0x0000000706600000|  0%| F|  |TAMS 0x0000000706400000| PB 0x0000000706400000| Untracked 
|  26|0x0000000706600000, 0x0000000706600000, 0x0000000706800000|  0%| F|  |TAMS 0x0000000706600000| PB 0x0000000706600000| Untracked 
|  27|0x0000000706800000, 0x0000000706800000, 0x0000000706a00000|  0%| F|  |TAMS 0x0000000706800000| PB 0x0000000706800000| Untracked 
|  28|0x0000000706a00000, 0x0000000706a00000, 0x0000000706c00000|  0%| F|  |TAMS 0x0000000706a00000| PB 0x0000000706a00000| Untracked 
|  29|0x0000000706c00000, 0x0000000706c00000, 0x0000000706e00000|  0%| F|  |TAMS 0x0000000706c00000| PB 0x0000000706c00000| Untracked 
|  30|0x0000000706e00000, 0x0000000706e00000, 0x0000000707000000|  0%| F|  |TAMS 0x0000000706e00000| PB 0x0000000706e00000| Untracked 
|  31|0x0000000707000000, 0x0000000707000000, 0x0000000707200000|  0%| F|  |TAMS 0x0000000707000000| PB 0x0000000707000000| Untracked 
|  32|0x0000000707200000, 0x0000000707200000, 0x0000000707400000|  0%| F|  |TAMS 0x0000000707200000| PB 0x0000000707200000| Untracked 
|  33|0x0000000707400000, 0x0000000707400000, 0x0000000707600000|  0%| F|  |TAMS 0x0000000707400000| PB 0x0000000707400000| Untracked 
|  34|0x0000000707600000, 0x0000000707600000, 0x0000000707800000|  0%| F|  |TAMS 0x0000000707600000| PB 0x0000000707600000| Untracked 
|  35|0x0000000707800000, 0x0000000707800000, 0x0000000707a00000|  0%| F|  |TAMS 0x0000000707800000| PB 0x0000000707800000| Untracked 
|  36|0x0000000707a00000, 0x0000000707a00000, 0x0000000707c00000|  0%| F|  |TAMS 0x0000000707a00000| PB 0x0000000707a00000| Untracked 
|  37|0x0000000707c00000, 0x0000000707c00000, 0x0000000707e00000|  0%| F|  |TAMS 0x0000000707c00000| PB 0x0000000707c00000| Untracked 
|  38|0x0000000707e00000, 0x0000000707e00000, 0x0000000708000000|  0%| F|  |TAMS 0x0000000707e00000| PB 0x0000000707e00000| Untracked 
|  39|0x0000000708000000, 0x0000000708000000, 0x0000000708200000|  0%| F|  |TAMS 0x0000000708000000| PB 0x0000000708000000| Untracked 
|  40|0x0000000708200000, 0x0000000708200000, 0x0000000708400000|  0%| F|  |TAMS 0x0000000708200000| PB 0x0000000708200000| Untracked 
|  41|0x0000000708400000, 0x0000000708400000, 0x0000000708600000|  0%| F|  |TAMS 0x0000000708400000| PB 0x0000000708400000| Untracked 
|  42|0x0000000708600000, 0x0000000708600000, 0x0000000708800000|  0%| F|  |TAMS 0x0000000708600000| PB 0x0000000708600000| Untracked 
|  43|0x0000000708800000, 0x0000000708800000, 0x0000000708a00000|  0%| F|  |TAMS 0x0000000708800000| PB 0x0000000708800000| Untracked 
|  44|0x0000000708a00000, 0x0000000708a00000, 0x0000000708c00000|  0%| F|  |TAMS 0x0000000708a00000| PB 0x0000000708a00000| Untracked 
|  45|0x0000000708c00000, 0x0000000708c00000, 0x0000000708e00000|  0%| F|  |TAMS 0x0000000708c00000| PB 0x0000000708c00000| Untracked 
|  46|0x0000000708e00000, 0x0000000708e00000, 0x0000000709000000|  0%| F|  |TAMS 0x0000000708e00000| PB 0x0000000708e00000| Untracked 
|  47|0x0000000709000000, 0x0000000709000000, 0x0000000709200000|  0%| F|  |TAMS 0x0000000709000000| PB 0x0000000709000000| Untracked 
|  48|0x0000000709200000, 0x0000000709200000, 0x0000000709400000|  0%| F|  |TAMS 0x0000000709200000| PB 0x0000000709200000| Untracked 
|  49|0x0000000709400000, 0x0000000709400000, 0x0000000709600000|  0%| F|  |TAMS 0x0000000709400000| PB 0x0000000709400000| Untracked 
|  50|0x0000000709600000, 0x0000000709600000, 0x0000000709800000|  0%| F|  |TAMS 0x0000000709600000| PB 0x0000000709600000| Untracked 
|  51|0x0000000709800000, 0x0000000709800000, 0x0000000709a00000|  0%| F|  |TAMS 0x0000000709800000| PB 0x0000000709800000| Untracked 
|  52|0x0000000709a00000, 0x0000000709a00000, 0x0000000709c00000|  0%| F|  |TAMS 0x0000000709a00000| PB 0x0000000709a00000| Untracked 
|  53|0x0000000709c00000, 0x0000000709c00000, 0x0000000709e00000|  0%| F|  |TAMS 0x0000000709c00000| PB 0x0000000709c00000| Untracked 
|  54|0x0000000709e00000, 0x0000000709e00000, 0x000000070a000000|  0%| F|  |TAMS 0x0000000709e00000| PB 0x0000000709e00000| Untracked 
|  55|0x000000070a000000, 0x000000070a000000, 0x000000070a200000|  0%| F|  |TAMS 0x000000070a000000| PB 0x000000070a000000| Untracked 
|  56|0x000000070a200000, 0x000000070a200000, 0x000000070a400000|  0%| F|  |TAMS 0x000000070a200000| PB 0x000000070a200000| Untracked 
|  57|0x000000070a400000, 0x000000070a400000, 0x000000070a600000|  0%| F|  |TAMS 0x000000070a400000| PB 0x000000070a400000| Untracked 
|  58|0x000000070a600000, 0x000000070a600000, 0x000000070a800000|  0%| F|  |TAMS 0x000000070a600000| PB 0x000000070a600000| Untracked 
|  59|0x000000070a800000, 0x000000070a800000, 0x000000070aa00000|  0%| F|  |TAMS 0x000000070a800000| PB 0x000000070a800000| Untracked 
|  60|0x000000070aa00000, 0x000000070aa00000, 0x000000070ac00000|  0%| F|  |TAMS 0x000000070aa00000| PB 0x000000070aa00000| Untracked 
|  61|0x000000070ac00000, 0x000000070ac00000, 0x000000070ae00000|  0%| F|  |TAMS 0x000000070ac00000| PB 0x000000070ac00000| Untracked 
|  62|0x000000070ae00000, 0x000000070ae00000, 0x000000070b000000|  0%| F|  |TAMS 0x000000070ae00000| PB 0x000000070ae00000| Untracked 
|  63|0x000000070b000000, 0x000000070b000000, 0x000000070b200000|  0%| F|  |TAMS 0x000000070b000000| PB 0x000000070b000000| Untracked 
|  64|0x000000070b200000, 0x000000070b200000, 0x000000070b400000|  0%| F|  |TAMS 0x000000070b200000| PB 0x000000070b200000| Untracked 
|  65|0x000000070b400000, 0x000000070b400000, 0x000000070b600000|  0%| F|  |TAMS 0x000000070b400000| PB 0x000000070b400000| Untracked 
|  66|0x000000070b600000, 0x000000070b600000, 0x000000070b800000|  0%| F|  |TAMS 0x000000070b600000| PB 0x000000070b600000| Untracked 
|  67|0x000000070b800000, 0x000000070b800000, 0x000000070ba00000|  0%| F|  |TAMS 0x000000070b800000| PB 0x000000070b800000| Untracked 
|  68|0x000000070ba00000, 0x000000070ba00000, 0x000000070bc00000|  0%| F|  |TAMS 0x000000070ba00000| PB 0x000000070ba00000| Untracked 
|  69|0x000000070bc00000, 0x000000070bc00000, 0x000000070be00000|  0%| F|  |TAMS 0x000000070bc00000| PB 0x000000070bc00000| Untracked 
|  70|0x000000070be00000, 0x000000070be00000, 0x000000070c000000|  0%| F|  |TAMS 0x000000070be00000| PB 0x000000070be00000| Untracked 
|  71|0x000000070c000000, 0x000000070c000000, 0x000000070c200000|  0%| F|  |TAMS 0x000000070c000000| PB 0x000000070c000000| Untracked 
|  72|0x000000070c200000, 0x000000070c200000, 0x000000070c400000|  0%| F|  |TAMS 0x000000070c200000| PB 0x000000070c200000| Untracked 
|  73|0x000000070c400000, 0x000000070c400000, 0x000000070c600000|  0%| F|  |TAMS 0x000000070c400000| PB 0x000000070c400000| Untracked 
|  74|0x000000070c600000, 0x000000070c600000, 0x000000070c800000|  0%| F|  |TAMS 0x000000070c600000| PB 0x000000070c600000| Untracked 
|  75|0x000000070c800000, 0x000000070c800000, 0x000000070ca00000|  0%| F|  |TAMS 0x000000070c800000| PB 0x000000070c800000| Untracked 
|  76|0x000000070ca00000, 0x000000070ca00000, 0x000000070cc00000|  0%| F|  |TAMS 0x000000070ca00000| PB 0x000000070ca00000| Untracked 
|  77|0x000000070cc00000, 0x000000070cc00000, 0x000000070ce00000|  0%| F|  |TAMS 0x000000070cc00000| PB 0x000000070cc00000| Untracked 
|  78|0x000000070ce00000, 0x000000070ce00000, 0x000000070d000000|  0%| F|  |TAMS 0x000000070ce00000| PB 0x000000070ce00000| Untracked 
|  79|0x000000070d000000, 0x000000070d000000, 0x000000070d200000|  0%| F|  |TAMS 0x000000070d000000| PB 0x000000070d000000| Untracked 
|  80|0x000000070d200000, 0x000000070d200000, 0x000000070d400000|  0%| F|  |TAMS 0x000000070d200000| PB 0x000000070d200000| Untracked 
|  81|0x000000070d400000, 0x000000070d400000, 0x000000070d600000|  0%| F|  |TAMS 0x000000070d400000| PB 0x000000070d400000| Untracked 
|  82|0x000000070d600000, 0x000000070d600000, 0x000000070d800000|  0%| F|  |TAMS 0x000000070d600000| PB 0x000000070d600000| Untracked 
|  83|0x000000070d800000, 0x000000070d800000, 0x000000070da00000|  0%| F|  |TAMS 0x000000070d800000| PB 0x000000070d800000| Untracked 
|  84|0x000000070da00000, 0x000000070da00000, 0x000000070dc00000|  0%| F|  |TAMS 0x000000070da00000| PB 0x000000070da00000| Untracked 
|  85|0x000000070dc00000, 0x000000070dc00000, 0x000000070de00000|  0%| F|  |TAMS 0x000000070dc00000| PB 0x000000070dc00000| Untracked 
|  86|0x000000070de00000, 0x000000070de00000, 0x000000070e000000|  0%| F|  |TAMS 0x000000070de00000| PB 0x000000070de00000| Untracked 
|  87|0x000000070e000000, 0x000000070e000000, 0x000000070e200000|  0%| F|  |TAMS 0x000000070e000000| PB 0x000000070e000000| Untracked 
|  88|0x000000070e200000, 0x000000070e200000, 0x000000070e400000|  0%| F|  |TAMS 0x000000070e200000| PB 0x000000070e200000| Untracked 
|  89|0x000000070e400000, 0x000000070e400000, 0x000000070e600000|  0%| F|  |TAMS 0x000000070e400000| PB 0x000000070e400000| Untracked 
|  90|0x000000070e600000, 0x000000070e600000, 0x000000070e800000|  0%| F|  |TAMS 0x000000070e600000| PB 0x000000070e600000| Untracked 
|  91|0x000000070e800000, 0x000000070e800000, 0x000000070ea00000|  0%| F|  |TAMS 0x000000070e800000| PB 0x000000070e800000| Untracked 
|  92|0x000000070ea00000, 0x000000070ea00000, 0x000000070ec00000|  0%| F|  |TAMS 0x000000070ea00000| PB 0x000000070ea00000| Untracked 
|  93|0x000000070ec00000, 0x000000070ec00000, 0x000000070ee00000|  0%| F|  |TAMS 0x000000070ec00000| PB 0x000000070ec00000| Untracked 
|  94|0x000000070ee00000, 0x000000070ee00000, 0x000000070f000000|  0%| F|  |TAMS 0x000000070ee00000| PB 0x000000070ee00000| Untracked 
|  95|0x000000070f000000, 0x000000070f000000, 0x000000070f200000|  0%| F|  |TAMS 0x000000070f000000| PB 0x000000070f000000| Untracked 
|  96|0x000000070f200000, 0x000000070f200000, 0x000000070f400000|  0%| F|  |TAMS 0x000000070f200000| PB 0x000000070f200000| Untracked 
|  97|0x000000070f400000, 0x000000070f400000, 0x000000070f600000|  0%| F|  |TAMS 0x000000070f400000| PB 0x000000070f400000| Untracked 
|  98|0x000000070f600000, 0x000000070f600000, 0x000000070f800000|  0%| F|  |TAMS 0x000000070f600000| PB 0x000000070f600000| Untracked 
|  99|0x000000070f800000, 0x000000070f800000, 0x000000070fa00000|  0%| F|  |TAMS 0x000000070f800000| PB 0x000000070f800000| Untracked 
| 100|0x000000070fa00000, 0x000000070fa00000, 0x000000070fc00000|  0%| F|  |TAMS 0x000000070fa00000| PB 0x000000070fa00000| Untracked 
| 101|0x000000070fc00000, 0x000000070fc00000, 0x000000070fe00000|  0%| F|  |TAMS 0x000000070fc00000| PB 0x000000070fc00000| Untracked 
| 102|0x000000070fe00000, 0x000000070fe00000, 0x0000000710000000|  0%| F|  |TAMS 0x000000070fe00000| PB 0x000000070fe00000| Untracked 
| 103|0x0000000710000000, 0x0000000710000000, 0x0000000710200000|  0%| F|  |TAMS 0x0000000710000000| PB 0x0000000710000000| Untracked 
| 104|0x0000000710200000, 0x0000000710200000, 0x0000000710400000|  0%| F|  |TAMS 0x0000000710200000| PB 0x0000000710200000| Untracked 
| 105|0x0000000710400000, 0x0000000710400000, 0x0000000710600000|  0%| F|  |TAMS 0x0000000710400000| PB 0x0000000710400000| Untracked 
| 106|0x0000000710600000, 0x0000000710600000, 0x0000000710800000|  0%| F|  |TAMS 0x0000000710600000| PB 0x0000000710600000| Untracked 
| 107|0x0000000710800000, 0x0000000710800000, 0x0000000710a00000|  0%| F|  |TAMS 0x0000000710800000| PB 0x0000000710800000| Untracked 
| 108|0x0000000710a00000, 0x0000000710a00000, 0x0000000710c00000|  0%| F|  |TAMS 0x0000000710a00000| PB 0x0000000710a00000| Untracked 
| 109|0x0000000710c00000, 0x0000000710c00000, 0x0000000710e00000|  0%| F|  |TAMS 0x0000000710c00000| PB 0x0000000710c00000| Untracked 
| 110|0x0000000710e00000, 0x0000000710e00000, 0x0000000711000000|  0%| F|  |TAMS 0x0000000710e00000| PB 0x0000000710e00000| Untracked 
| 111|0x0000000711000000, 0x0000000711000000, 0x0000000711200000|  0%| F|  |TAMS 0x0000000711000000| PB 0x0000000711000000| Untracked 
| 112|0x0000000711200000, 0x0000000711200000, 0x0000000711400000|  0%| F|  |TAMS 0x0000000711200000| PB 0x0000000711200000| Untracked 
| 113|0x0000000711400000, 0x0000000711400000, 0x0000000711600000|  0%| F|  |TAMS 0x0000000711400000| PB 0x0000000711400000| Untracked 
| 114|0x0000000711600000, 0x0000000711600000, 0x0000000711800000|  0%| F|  |TAMS 0x0000000711600000| PB 0x0000000711600000| Untracked 
| 115|0x0000000711800000, 0x0000000711800000, 0x0000000711a00000|  0%| F|  |TAMS 0x0000000711800000| PB 0x0000000711800000| Untracked 
| 116|0x0000000711a00000, 0x0000000711a00000, 0x0000000711c00000|  0%| F|  |TAMS 0x0000000711a00000| PB 0x0000000711a00000| Untracked 
| 117|0x0000000711c00000, 0x0000000711c00000, 0x0000000711e00000|  0%| F|  |TAMS 0x0000000711c00000| PB 0x0000000711c00000| Untracked 
| 118|0x0000000711e00000, 0x0000000711e00000, 0x0000000712000000|  0%| F|  |TAMS 0x0000000711e00000| PB 0x0000000711e00000| Untracked 
| 119|0x0000000712000000, 0x00000007121533b0, 0x0000000712200000| 66%| E|  |TAMS 0x0000000712000000| PB 0x0000000712000000| Complete 
| 120|0x0000000712200000, 0x0000000712400000, 0x0000000712400000|100%| E|CS|TAMS 0x0000000712200000| PB 0x0000000712200000| Complete 
| 121|0x0000000712400000, 0x0000000712600000, 0x0000000712600000|100%| E|CS|TAMS 0x0000000712400000| PB 0x0000000712400000| Complete 
| 122|0x0000000712600000, 0x0000000712800000, 0x0000000712800000|100%| E|CS|TAMS 0x0000000712600000| PB 0x0000000712600000| Complete 
| 123|0x0000000712800000, 0x0000000712a00000, 0x0000000712a00000|100%| E|CS|TAMS 0x0000000712800000| PB 0x0000000712800000| Complete 
| 124|0x0000000712a00000, 0x0000000712c00000, 0x0000000712c00000|100%| E|CS|TAMS 0x0000000712a00000| PB 0x0000000712a00000| Complete 
| 125|0x0000000712c00000, 0x0000000712e00000, 0x0000000712e00000|100%| E|CS|TAMS 0x0000000712c00000| PB 0x0000000712c00000| Complete 
| 126|0x0000000712e00000, 0x0000000713000000, 0x0000000713000000|100%| E|CS|TAMS 0x0000000712e00000| PB 0x0000000712e00000| Complete 

Card table byte_map: [0x00000187e6b50000,0x00000187e7340000] _byte_map_base: 0x00000187e3337000

Marking Bits: (CMBitMap*) 0x00000187d3d1ea00
 Bits: [0x00000187e7340000, 0x00000187eb278000)

Polling page: 0x00000187d1cb0000

Metaspace:

Usage:
  Non-class:     14.64 MB used.
      Class:      1.76 MB used.
       Both:     16.40 MB used.

Virtual space:
  Non-class space:       64.00 MB reserved,      14.81 MB ( 23%) committed,  1 nodes.
      Class space:        1.00 GB reserved,       1.88 MB ( <1%) committed,  1 nodes.
             Both:        1.06 GB reserved,      16.69 MB (  2%) committed. 

Chunk freelists:
   Non-Class:  736.00 KB
       Class:  14.13 MB
        Both:  14.85 MB

MaxMetaspaceSize: unlimited
CompressedClassSpaceSize: 1.00 GB
Initial GC threshold: 21.00 MB
Current GC threshold: 21.00 MB
CDS: off
 - commit_granule_bytes: 65536.
 - commit_granule_words: 8192.
 - virtual_space_node_default_size: 8388608.
 - enlarge_chunks_in_place: 1.
 - use_allocation_guard: 0.


Internal statistics:

num_allocs_failed_limit: 0.
num_arena_births: 242.
num_arena_deaths: 0.
num_vsnodes_births: 2.
num_vsnodes_deaths: 0.
num_space_committed: 267.
num_space_uncommitted: 0.
num_chunks_returned_to_freelist: 0.
num_chunks_taken_from_freelist: 439.
num_chunk_merges: 0.
num_chunk_splits: 243.
num_chunks_enlarged: 110.
num_inconsistent_stats: 0.

CodeHeap 'non-profiled nmethods': size=120000Kb used=359Kb max_used=359Kb free=119640Kb
 bounds [0x00000187de8e0000, 0x00000187deb50000, 0x00000187e5e10000]
CodeHeap 'profiled nmethods': size=120000Kb used=1776Kb max_used=1776Kb free=118223Kb
 bounds [0x00000187d6e10000, 0x00000187d7080000, 0x00000187de340000]
CodeHeap 'non-nmethods': size=5760Kb used=1558Kb max_used=1576Kb free=4201Kb
 bounds [0x00000187de340000, 0x00000187de5b0000, 0x00000187de8e0000]
 total_blobs=1610 nmethods=1095 adapters=420
 compilation: enabled
              stopped_count=0, restarted_count=0
 full_count=0

Compilation events (20 events):
Event: 0.480 Thread 0x00000187ee0db5c0 1044       3       java.lang.invoke.MethodHandles$Lookup::<init> (84 bytes)
Event: 0.480 Thread 0x00000187ee0db5c0 nmethod 1044 0x00000187d6fafe90 code [0x00000187d6fb0040, 0x00000187d6fb0298]
Event: 0.480 Thread 0x00000187ee0db5c0 1045       3       jdk.internal.misc.Unsafe::putIntUnaligned (79 bytes)
Event: 0.481 Thread 0x00000187ee0db5c0 nmethod 1045 0x00000187d6fb0390 code [0x00000187d6fb0560, 0x00000187d6fb0908]
Event: 0.481 Thread 0x00000187ee0db5c0 1046       3       jdk.internal.misc.Unsafe::putIntUnaligned (14 bytes)
Event: 0.481 Thread 0x00000187ee0db5c0 nmethod 1046 0x00000187d6fb0a10 code [0x00000187d6fb0bc0, 0x00000187d6fb0e08]
Event: 0.482 Thread 0x00000187ee0db5c0 1047       3       java.security.MessageDigest$Delegate::engineUpdate (11 bytes)
Event: 0.483 Thread 0x00000187ee0db5c0 nmethod 1047 0x00000187d6fb0f10 code [0x00000187d6fb10c0, 0x00000187d6fb12a0]
Event: 0.483 Thread 0x00000187ee0db5c0 1048       3       sun.security.provider.SHA2::implCompress0 (448 bytes)
Event: 0.483 Thread 0x00000187ee945010 nmethod 1041 0x00000187de935490 code [0x00000187de935680, 0x00000187de935b18]
Event: 0.483 Thread 0x00000187ee945010 1042 %     4       sun.security.util.math.intpoly.IntegerPolynomial::multByInt @ 3 (30 bytes)
Event: 0.483 Thread 0x00000187ee0db5c0 nmethod 1048 0x00000187d6fb1390 code [0x00000187d6fb15e0, 0x00000187d6fb2208]
Event: 0.485 Thread 0x00000187ee0db5c0 1050       3       jdk.internal.misc.Unsafe::toUnsignedLong (7 bytes)
Event: 0.485 Thread 0x00000187ee0db5c0 nmethod 1050 0x00000187d6fb2910 code [0x00000187d6fb2aa0, 0x00000187d6fb2ba0]
Event: 0.486 Thread 0x00000187ee945010 nmethod 1042% 0x00000187de936410 code [0x00000187de9365e0, 0x00000187de9369c8]
Event: 0.486 Thread 0x00000187ee945010 1051   !   4       java.util.concurrent.ConcurrentHashMap::putVal (432 bytes)
Event: 0.488 Thread 0x00000187ee0db5c0 1053       3       java.lang.String::substring (10 bytes)
Event: 0.488 Thread 0x00000187ee0db5c0 nmethod 1053 0x00000187d6fb2c10 code [0x00000187d6fb2de0, 0x00000187d6fb3020]
Event: 0.492 Thread 0x00000187ee0db5c0 1054       3       java.lang.invoke.LambdaFormBuffer::changeName (149 bytes)
Event: 0.493 Thread 0x00000187ee0db5c0 nmethod 1054 0x00000187d6fb3110 code [0x00000187d6fb3300, 0x00000187d6fb3848]

GC Heap History (0 events):
No events

Dll operation events (2 events):
Event: 0.009 Loaded shared library C:\Program Files\Android\Android Studio\jbr\bin\java.dll
Event: 0.017 Loaded shared library C:\Program Files\Android\Android Studio\jbr\bin\zip.dll

Deoptimization events (20 events):
Event: 0.479 Thread 0x00000187ee0d5160 Uncommon trap: trap_request=0xffffff66 fr.pc=0x00000187de931930 relative=0x0000000000000250
Event: 0.479 Thread 0x00000187ee0d5160 Uncommon trap: reason=speculate_class_check action=maybe_recompile pc=0x00000187de931930 method=sun.security.util.math.intpoly.IntegerPolynomial.multByInt([JJ)V @ 26 c2
Event: 0.479 Thread 0x00000187ee0d5160 DEOPT PACKING pc=0x00000187de931930 sp=0x00000086bebfe2e0
Event: 0.479 Thread 0x00000187ee0d5160 DEOPT UNPACKING pc=0x00000187de397da2 sp=0x00000086bebfe220 mode 2
Event: 0.479 Thread 0x00000187ee0d5160 Uncommon trap: trap_request=0xffffffde fr.pc=0x00000187de92c3e0 relative=0x00000000000001a0
Event: 0.479 Thread 0x00000187ee0d5160 Uncommon trap: reason=class_check action=maybe_recompile pc=0x00000187de92c3e0 method=sun.security.util.math.intpoly.IntegerPolynomial.multByInt([JJ)V @ 26 c2
Event: 0.479 Thread 0x00000187ee0d5160 DEOPT PACKING pc=0x00000187de92c3e0 sp=0x00000086bebfe250
Event: 0.479 Thread 0x00000187ee0d5160 DEOPT UNPACKING pc=0x00000187de397da2 sp=0x00000086bebfe220 mode 2
Event: 0.479 Thread 0x00000187ee0d5160 Uncommon trap: trap_request=0xffffffde fr.pc=0x00000187de92c3e0 relative=0x00000000000001a0
Event: 0.479 Thread 0x00000187ee0d5160 Uncommon trap: reason=class_check action=maybe_recompile pc=0x00000187de92c3e0 method=sun.security.util.math.intpoly.IntegerPolynomial.multByInt([JJ)V @ 26 c2
Event: 0.479 Thread 0x00000187ee0d5160 DEOPT PACKING pc=0x00000187de92c3e0 sp=0x00000086bebfe250
Event: 0.479 Thread 0x00000187ee0d5160 DEOPT UNPACKING pc=0x00000187de397da2 sp=0x00000086bebfe220 mode 2
Event: 0.479 Thread 0x00000187ee0d5160 Uncommon trap: trap_request=0xffffffde fr.pc=0x00000187de92c3e0 relative=0x00000000000001a0
Event: 0.479 Thread 0x00000187ee0d5160 Uncommon trap: reason=class_check action=maybe_recompile pc=0x00000187de92c3e0 method=sun.security.util.math.intpoly.IntegerPolynomial.multByInt([JJ)V @ 26 c2
Event: 0.479 Thread 0x00000187ee0d5160 DEOPT PACKING pc=0x00000187de92c3e0 sp=0x00000086bebfe250
Event: 0.479 Thread 0x00000187ee0d5160 DEOPT UNPACKING pc=0x00000187de397da2 sp=0x00000086bebfe220 mode 2
Event: 0.479 Thread 0x00000187ee0d5160 Uncommon trap: trap_request=0xffffffde fr.pc=0x00000187de92c3e0 relative=0x00000000000001a0
Event: 0.479 Thread 0x00000187ee0d5160 Uncommon trap: reason=class_check action=maybe_recompile pc=0x00000187de92c3e0 method=sun.security.util.math.intpoly.IntegerPolynomial.multByInt([JJ)V @ 26 c2
Event: 0.479 Thread 0x00000187ee0d5160 DEOPT PACKING pc=0x00000187de92c3e0 sp=0x00000086bebfe250
Event: 0.479 Thread 0x00000187ee0d5160 DEOPT UNPACKING pc=0x00000187de397da2 sp=0x00000086bebfe220 mode 2

Classes loaded (20 events):
Event: 0.493 Loading class java/util/jar/JarFile$ThreadTrackHolder
Event: 0.493 Loading class java/util/jar/JarFile$ThreadTrackHolder done
Event: 0.493 Loading class jdk/internal/logger/BootstrapLogger$RedirectedLoggers
Event: 0.493 Loading class jdk/internal/logger/BootstrapLogger$RedirectedLoggers done
Event: 0.493 Loading class jdk/internal/logger/SurrogateLogger
Event: 0.493 Loading class jdk/internal/logger/SimpleConsoleLogger
Event: 0.493 Loading class sun/util/logging/PlatformLogger$ConfigurableBridge$LoggerConfiguration
Event: 0.493 Loading class sun/util/logging/PlatformLogger$ConfigurableBridge$LoggerConfiguration done
Event: 0.493 Loading class jdk/internal/logger/SimpleConsoleLogger done
Event: 0.493 Loading class jdk/internal/logger/SurrogateLogger done
Event: 0.494 Loading class sun/util/logging/PlatformLogger
Event: 0.494 Loading class sun/util/logging/PlatformLogger done
Event: 0.494 Loading class sun/util/logging/PlatformLogger$Level
Event: 0.494 Loading class sun/util/logging/PlatformLogger$Level done
Event: 0.494 Loading class sun/security/ssl/X509Authentication$X509Credentials
Event: 0.494 Loading class sun/security/ssl/X509Authentication$X509Credentials done
Event: 0.494 Loading class sun/security/ssl/CertificateVerify$T13CertificateVerifyMessage
Event: 0.494 Loading class sun/security/ssl/CertificateVerify$T13CertificateVerifyMessage done
Event: 0.494 Loading class sun/security/util/SignatureUtil
Event: 0.494 Loading class sun/security/util/SignatureUtil done

Classes unloaded (0 events):
No events

Classes redefined (0 events):
No events

Internal exceptions (20 events):
Event: 0.296 Thread 0x00000187d1b4cd50 Exception <a 'java/lang/NoSuchMethodError'{0x0000000712803c98}: 'int java.lang.invoke.DirectMethodHandle$Holder.invokeStaticInit(java.lang.Object, int, int)'> (0x0000000712803c98) 
thrown [s\src\hotspot\share\interpreter\linkResolver.cpp, line 784]
Event: 0.296 Thread 0x00000187d1b4cd50 Exception <a 'java/lang/NoSuchMethodError'{0x000000071280b058}: 'int java.lang.invoke.DirectMethodHandle$Holder.invokeStaticInit(java.lang.Object, long, long)'> (0x000000071280b058) 
thrown [s\src\hotspot\share\interpreter\linkResolver.cpp, line 784]
Event: 0.297 Thread 0x00000187d1b4cd50 Exception <a 'java/lang/NoSuchMethodError'{0x0000000712811a98}: 'int java.lang.invoke.DirectMethodHandle$Holder.invokeStaticInit(java.lang.Object, float, float)'> (0x0000000712811a98) 
thrown [s\src\hotspot\share\interpreter\linkResolver.cpp, line 784]
Event: 0.297 Thread 0x00000187d1b4cd50 Exception <a 'java/lang/NoSuchMethodError'{0x00000007128183a8}: 'int java.lang.invoke.DirectMethodHandle$Holder.invokeStaticInit(java.lang.Object, double, double)'> (0x00000007128183a8) 
thrown [s\src\hotspot\share\interpreter\linkResolver.cpp, line 784]
Event: 0.297 Thread 0x00000187d1b4cd50 Exception <a 'java/lang/NoSuchMethodError'{0x000000071281c830}: 'int java.lang.invoke.DirectMethodHandle$Holder.invokeStatic(java.lang.Object, long)'> (0x000000071281c830) 
thrown [s\src\hotspot\share\interpreter\linkResolver.cpp, line 784]
Event: 0.300 Thread 0x00000187d1b4cd50 Exception <a 'java/lang/NoSuchMethodError'{0x00000007128486b0}: 'java.lang.Object java.lang.invoke.DelegatingMethodHandle$Holder.delegate(java.lang.Object, int, java.lang.Object, java.lang.Object)'> (0x00000007128486b0) 
thrown [s\src\hotspot\share\interpreter\linkResolver.cpp, line 784]
Event: 0.301 Thread 0x00000187d1b4cd50 Exception <a 'java/lang/NoSuchMethodError'{0x0000000712857828}: 'int java.lang.invoke.Invokers$Holder.linkToTargetMethod(java.lang.Object, java.lang.Object, java.lang.Object)'> (0x0000000712857828) 
thrown [s\src\hotspot\share\interpreter\linkResolver.cpp, line 784]
Event: 0.304 Thread 0x00000187d1b4cd50 Exception <a 'java/lang/NoSuchMethodError'{0x0000000712886560}: 'long java.lang.invoke.DirectMethodHandle$Holder.invokeSpecial(java.lang.Object, java.lang.Object)'> (0x0000000712886560) 
thrown [s\src\hotspot\share\interpreter\linkResolver.cpp, line 784]
Event: 0.304 Thread 0x00000187d1b4cd50 Exception <a 'java/lang/NoSuchMethodError'{0x000000071288cc60}: 'int java.lang.invoke.DirectMethodHandle$Holder.invokeStatic(java.lang.Object, java.lang.Object, java.lang.Object, java.lang.Object)'> (0x000000071288cc60) 
thrown [s\src\hotspot\share\interpreter\linkResolver.cpp, line 784]
Event: 0.304 Thread 0x00000187d1b4cd50 Exception <a 'java/lang/NoSuchMethodError'{0x0000000712890030}: 'java.lang.Object java.lang.invoke.Invokers$Holder.invokeExact_MT(java.lang.Object, java.lang.Object, java.lang.Object, java.lang.Object, java.lang.Object, java.lang.Object)'> (0x0000000712890030) 
thrown [s\src\hotspot\share\interpreter\linkResolver.cpp, line 784]
Event: 0.365 Thread 0x00000187d1b4cd50 Exception <a 'java/lang/NoSuchMethodError'{0x0000000712660c40}: 'java.lang.Object java.lang.invoke.DirectMethodHandle$Holder.newInvokeSpecial(java.lang.Object, java.lang.Object, java.lang.Object, java.lang.Object, java.lang.Object)'> (0x0000000712660c40) 
thrown [s\src\hotspot\share\interpreter\linkResolver.cpp, line 784]
Event: 0.381 Thread 0x00000187d1b4cd50 Exception <a 'java/lang/NoSuchMethodError'{0x00000007124228e0}: 'java.lang.Object java.lang.invoke.DirectMethodHandle$Holder.invokeSpecial(java.lang.Object, java.lang.Object, java.lang.Object, java.lang.Object, int)'> (0x00000007124228e0) 
thrown [s\src\hotspot\share\interpreter\linkResolver.cpp, line 784]
Event: 0.382 Thread 0x00000187d1b4cd50 Exception <a 'java/lang/NoSuchMethodError'{0x0000000712426228}: 'java.lang.Object java.lang.invoke.Invokers$Holder.linkToTargetMethod(java.lang.Object, java.lang.Object, int, java.lang.Object)'> (0x0000000712426228) 
thrown [s\src\hotspot\share\interpreter\linkResolver.cpp, line 784]
Event: 0.385 Thread 0x00000187d1b4cd50 Exception <a 'java/lang/NoSuchMethodError'{0x0000000712450f00}: 'void java.lang.invoke.DirectMethodHandle$Holder.invokeSpecial(java.lang.Object, java.lang.Object, java.lang.Object)'> (0x0000000712450f00) 
thrown [s\src\hotspot\share\interpreter\linkResolver.cpp, line 784]
Event: 0.393 Thread 0x00000187d1b4cd50 Exception <a 'java/lang/NoSuchMethodError'{0x00000007124c7ef8}: 'void java.lang.invoke.DirectMethodHandle$Holder.invokeSpecial(java.lang.Object, java.lang.Object, java.lang.Object, java.lang.Object, java.lang.Object)'> (0x00000007124c7ef8) 
thrown [s\src\hotspot\share\interpreter\linkResolver.cpp, line 784]
Event: 0.393 Thread 0x00000187ee0d6ba0 Exception <a 'java/lang/NoSuchMethodError'{0x0000000712697548}: 'void java.lang.invoke.DirectMethodHandle$Holder.invokeStatic(java.lang.Object, java.lang.Object, int)'> (0x0000000712697548) 
thrown [s\src\hotspot\share\interpreter\linkResolver.cpp, line 784]
Event: 0.399 Thread 0x00000187ee0d6ba0 Exception <a 'java/lang/NoSuchMethodError'{0x00000007126cfbe0}: 'void java.lang.invoke.DirectMethodHandle$Holder.invokeStatic(java.lang.Object, java.lang.Object)'> (0x00000007126cfbe0) 
thrown [s\src\hotspot\share\interpreter\linkResolver.cpp, line 784]
Event: 0.399 Thread 0x00000187ee0d5160 Exception <a 'java/lang/NoSuchMethodError'{0x00000007125731a8}: 'void java.lang.invoke.DirectMethodHandle$Holder.invokeInterface(java.lang.Object, java.lang.Object, java.lang.Object)'> (0x00000007125731a8) 
thrown [s\src\hotspot\share\interpreter\linkResolver.cpp, line 784]
Event: 0.403 Thread 0x00000187ee0d5160 Exception <a 'java/lang/NoSuchMethodError'{0x00000007125bc110}: 'void java.lang.invoke.DirectMethodHandle$Holder.invokeVirtual(java.lang.Object, java.lang.Object)'> (0x00000007125bc110) 
thrown [s\src\hotspot\share\interpreter\linkResolver.cpp, line 784]
Event: 0.474 Thread 0x00000187ee0d5160 Exception <a 'java/lang/NoSuchMethodError'{0x00000007123b8c30}: 'void java.lang.invoke.DirectMethodHandle$Holder.invokeInterface(java.lang.Object, java.lang.Object)'> (0x00000007123b8c30) 
thrown [s\src\hotspot\share\interpreter\linkResolver.cpp, line 784]

ZGC Phase Switch (0 events):
No events

VM Operations (8 events):
Event: 0.126 Executing VM operation: HandshakeAllThreads (Deoptimize)
Event: 0.126 Executing VM operation: HandshakeAllThreads (Deoptimize) done
Event: 0.135 Executing VM operation: HandshakeAllThreads (Deoptimize)
Event: 0.135 Executing VM operation: HandshakeAllThreads (Deoptimize) done
Event: 0.258 Executing VM operation: HandshakeAllThreads (Deoptimize)
Event: 0.258 Executing VM operation: HandshakeAllThreads (Deoptimize) done
Event: 0.396 Executing VM operation: HandshakeAllThreads (Deoptimize)
Event: 0.396 Executing VM operation: HandshakeAllThreads (Deoptimize) done

Events (20 events):
Event: 0.015 Thread 0x00000187d1b4cd50 Thread added: 0x00000187d1b4cd50
Event: 0.068 Thread 0x00000187ee0f1350 Thread added: 0x00000187ee0f1350
Event: 0.068 Thread 0x00000187ee0f2270 Thread added: 0x00000187ee0f2270
Event: 0.070 Thread 0x00000187ee0d3720 Thread added: 0x00000187ee0d3720
Event: 0.070 Thread 0x00000187ee0d6510 Thread added: 0x00000187ee0d6510
Event: 0.070 Thread 0x00000187ee0d3db0 Thread added: 0x00000187ee0d3db0
Event: 0.070 Thread 0x00000187ee0d4ad0 Thread added: 0x00000187ee0d4ad0
Event: 0.070 Thread 0x00000187ee0fe270 Thread added: 0x00000187ee0fe270
Event: 0.070 Thread 0x00000187ee0db5c0 Thread added: 0x00000187ee0db5c0
Event: 0.096 Thread 0x00000187ee0d4440 Thread added: 0x00000187ee0d4440
Event: 0.101 Thread 0x00000187ee0d57f0 Thread added: 0x00000187ee0d57f0
Event: 0.108 Loaded shared library C:\Program Files\Android\Android Studio\jbr\bin\net.dll
Event: 0.110 Loaded shared library C:\Program Files\Android\Android Studio\jbr\bin\nio.dll
Event: 0.120 Loaded shared library C:\Program Files\Android\Android Studio\jbr\bin\zip.dll
Event: 0.178 Loaded shared library C:\Program Files\Android\Android Studio\jbr\bin\jimage.dll
Event: 0.358 Loaded shared library C:\Program Files\Android\Android Studio\jbr\bin\extnet.dll
Event: 0.361 Thread 0x00000187ee0d6ba0 Thread added: 0x00000187ee0d6ba0
Event: 0.398 Thread 0x00000187ee0d5160 Thread added: 0x00000187ee0d5160
Event: 0.406 Thread 0x00000187ee0d5e80 Thread added: 0x00000187ee0d5e80
Event: 0.433 Thread 0x00000187ee945010 Thread added: 0x00000187ee945010


Dynamic libraries:
0x00007ff7fa900000 - 0x00007ff7fa90a000 	C:\Program Files\Android\Android Studio\jbr\bin\java.exe
0x00007ff8c3290000 - 0x00007ff8c3488000 	C:\Windows\SYSTEM32\ntdll.dll
0x00007ff8c3150000 - 0x00007ff8c3212000 	C:\Windows\System32\KERNEL32.DLL
0x00007ff8c0cb0000 - 0x00007ff8c0fae000 	C:\Windows\System32\KERNELBASE.dll
0x00007ff8c0a90000 - 0x00007ff8c0b90000 	C:\Windows\System32\ucrtbase.dll
0x00007ff86dcc0000 - 0x00007ff86dcd8000 	C:\Program Files\Android\Android Studio\jbr\bin\jli.dll
0x00007ff874ad0000 - 0x00007ff874aeb000 	C:\Program Files\Android\Android Studio\jbr\bin\VCRUNTIME140.dll
0x00007ff8c15a0000 - 0x00007ff8c173d000 	C:\Windows\System32\USER32.dll
0x00007ff8c1250000 - 0x00007ff8c1272000 	C:\Windows\System32\win32u.dll
0x00007ff8af390000 - 0x00007ff8af62a000 	C:\Windows\WinSxS\amd64_microsoft.windows.common-controls_6595b64144ccf1df_6.0.19041.4355_none_60b8b9eb71f62e16\COMCTL32.dll
0x00007ff8c3050000 - 0x00007ff8c307b000 	C:\Windows\System32\GDI32.dll
0x00007ff8c0b90000 - 0x00007ff8c0ca7000 	C:\Windows\System32\gdi32full.dll
0x00007ff8c09f0000 - 0x00007ff8c0a8d000 	C:\Windows\System32\msvcp_win.dll
0x00007ff8c1300000 - 0x00007ff8c139e000 	C:\Windows\System32\msvcrt.dll
0x00007ff8c1f70000 - 0x00007ff8c1f9f000 	C:\Windows\System32\IMM32.DLL
0x00007ff884650000 - 0x00007ff88465c000 	C:\Program Files\Android\Android Studio\jbr\bin\vcruntime140_1.dll
0x00007ff86d2c0000 - 0x00007ff86d34d000 	C:\Program Files\Android\Android Studio\jbr\bin\msvcp140.dll
0x00007ff874af0000 - 0x00007ff87576d000 	C:\Program Files\Android\Android Studio\jbr\bin\server\jvm.dll
0x00007ff8c2460000 - 0x00007ff8c2511000 	C:\Windows\System32\ADVAPI32.dll
0x00007ff8c2a50000 - 0x00007ff8c2aef000 	C:\Windows\System32\sechost.dll
0x00007ff8c2b60000 - 0x00007ff8c2c83000 	C:\Windows\System32\RPCRT4.dll
0x00007ff8c0970000 - 0x00007ff8c0997000 	C:\Windows\System32\bcrypt.dll
0x00007ff8c2090000 - 0x00007ff8c20fb000 	C:\Windows\System32\WS2_32.dll
0x00007ff8bfe50000 - 0x00007ff8bfe9b000 	C:\Windows\SYSTEM32\POWRPROF.dll
0x00007ff8b57c0000 - 0x00007ff8b57e7000 	C:\Windows\SYSTEM32\WINMM.dll
0x00007ff8ba660000 - 0x00007ff8ba66a000 	C:\Windows\SYSTEM32\VERSION.dll
0x00007ff8bfcc0000 - 0x00007ff8bfcd2000 	C:\Windows\SYSTEM32\UMPDC.dll
0x00007ff8be580000 - 0x00007ff8be592000 	C:\Windows\SYSTEM32\kernel.appcore.dll
0x00007ff884640000 - 0x00007ff88464a000 	C:\Program Files\Android\Android Studio\jbr\bin\jimage.dll
0x00007ff8afb20000 - 0x00007ff8afd04000 	C:\Windows\SYSTEM32\DBGHELP.DLL
0x00007ff895bc0000 - 0x00007ff895bf4000 	C:\Windows\SYSTEM32\dbgcore.DLL
0x00007ff8c0fb0000 - 0x00007ff8c1032000 	C:\Windows\System32\bcryptPrimitives.dll
0x00007ff874ab0000 - 0x00007ff874acf000 	C:\Program Files\Android\Android Studio\jbr\bin\java.dll
0x00007ff874a90000 - 0x00007ff874aa8000 	C:\Program Files\Android\Android Studio\jbr\bin\zip.dll
0x00007ff8c1740000 - 0x00007ff8c1ead000 	C:\Windows\System32\SHELL32.dll
0x00007ff8be780000 - 0x00007ff8bef24000 	C:\Windows\SYSTEM32\windows.storage.dll
0x00007ff8c2100000 - 0x00007ff8c2453000 	C:\Windows\System32\combase.dll
0x00007ff8c0250000 - 0x00007ff8c027e000 	C:\Windows\SYSTEM32\Wldp.dll
0x00007ff8c13a0000 - 0x00007ff8c146d000 	C:\Windows\System32\OLEAUT32.dll
0x00007ff8c3080000 - 0x00007ff8c312d000 	C:\Windows\System32\SHCORE.dll
0x00007ff8c2030000 - 0x00007ff8c2085000 	C:\Windows\System32\shlwapi.dll
0x00007ff8c0830000 - 0x00007ff8c0854000 	C:\Windows\SYSTEM32\profapi.dll
0x00007ff874a80000 - 0x00007ff874a90000 	C:\Program Files\Android\Android Studio\jbr\bin\net.dll
0x00007ff8bd1e0000 - 0x00007ff8bd2ed000 	C:\Windows\SYSTEM32\WINHTTP.dll
0x00007ff8c0030000 - 0x00007ff8c009a000 	C:\Windows\system32\mswsock.dll
0x00007ff874a60000 - 0x00007ff874a76000 	C:\Program Files\Android\Android Studio\jbr\bin\nio.dll
0x00007ff8c0290000 - 0x00007ff8c02a8000 	C:\Windows\SYSTEM32\CRYPTSP.dll
0x00007ff8bf900000 - 0x00007ff8bf934000 	C:\Windows\system32\rsaenh.dll
0x00007ff8c07f0000 - 0x00007ff8c081e000 	C:\Windows\SYSTEM32\USERENV.dll
0x00007ff8c01c0000 - 0x00007ff8c01cc000 	C:\Windows\SYSTEM32\CRYPTBASE.dll
0x00007ff8bfce0000 - 0x00007ff8bfd1b000 	C:\Windows\SYSTEM32\IPHLPAPI.DLL
0x00007ff8c2e40000 - 0x00007ff8c2e48000 	C:\Windows\System32\NSI.dll
0x00007ff8746a0000 - 0x00007ff8746a7000 	C:\Windows\system32\wshunix.dll
0x00007ff874690000 - 0x00007ff874699000 	C:\Program Files\Android\Android Studio\jbr\bin\extnet.dll

dbghelp: loaded successfully - version: 4.0.5 - missing functions: none
symbol engine: initialized successfully - sym options: 0x614 - pdb path: .;C:\Program Files\Android\Android Studio\jbr\bin;C:\Windows\SYSTEM32;C:\Windows\WinSxS\amd64_microsoft.windows.common-controls_6595b64144ccf1df_6.0.19041.4355_none_60b8b9eb71f62e16;C:\Program Files\Android\Android Studio\jbr\bin\server

VM Arguments:
java_command: git4idea.http.GitAskPassApp Username for 'https://github.com': 
java_class_path (initial): C:/Program Files/Android/Android Studio/plugins/vcs-git/lib/git4idea-rt.jar;C:/Program Files/Android/Android Studio/lib/externalProcess-rt.jar
Launcher Type: SUN_STANDARD

[Global flags]
     intx CICompilerCount                          = 4                                         {product} {ergonomic}
     uint ConcGCThreads                            = 3                                         {product} {ergonomic}
     uint G1ConcRefinementThreads                  = 10                                        {product} {ergonomic}
   size_t G1HeapRegionSize                         = 2097152                                   {product} {ergonomic}
    uintx GCDrainStackTargetSize                   = 64                                        {product} {ergonomic}
   size_t InitialHeapSize                          = 266338304                                 {product} {ergonomic}
   size_t MarkStackSize                            = 4194304                                   {product} {ergonomic}
   size_t MaxHeapSize                              = 4242538496                                {product} {ergonomic}
   size_t MaxNewSize                               = 2543845376                                {product} {ergonomic}
   size_t MinHeapDeltaBytes                        = 2097152                                   {product} {ergonomic}
   size_t MinHeapSize                              = 8388608                                   {product} {ergonomic}
    uintx NonNMethodCodeHeapSize                   = 5839372                                {pd product} {ergonomic}
    uintx NonProfiledCodeHeapSize                  = 122909434                              {pd product} {ergonomic}
    uintx ProfiledCodeHeapSize                     = 122909434                              {pd product} {ergonomic}
    uintx ReservedCodeCacheSize                    = 251658240                              {pd product} {ergonomic}
     bool SegmentedCodeCache                       = true                                      {product} {ergonomic}
   size_t SoftMaxHeapSize                          = 4242538496                             {manageable} {ergonomic}
     bool UseCompressedOops                        = true                           {product lp64_product} {ergonomic}
     bool UseG1GC                                  = true                                      {product} {ergonomic}
     bool UseLargePagesIndividualAllocation        = false                                  {pd product} {ergonomic}

Logging:
Log output configuration:
 #0: stdout all=warning uptime,level,tags foldmultilines=false
 #1: stderr all=off uptime,level,tags foldmultilines=false

Environment Variables:
PATH=C:/Program Files/Git/mingw64/libexec/git-core;C:/Program Files/Git/mingw64/libexec/git-core;C:\Program Files\Git\mingw64\bin;C:\Program Files\Git\usr\bin;C:\Users\st22013407\bin;C:\Python313\Scripts\;C:\Python313\;C:\Program Files (x86)\Common Files\Oracle\Java\java8path;C:\Program Files (x86)\Common Files\Oracle\Java\javapath;C:\Windows\system32;C:\Windows;C:\Windows\System32\Wbem;C:\Windows\System32\WindowsPowerShell\v1.0\;C:\Windows\System32\OpenSSH\;C:\Program Files\dotnet\;C:\Program Files (x86)\Windows Kits\10\Windows Performance Toolkit\;C:\Program Files\Microsoft VS Code\bin;C:\Program Files\Microsoft SQL Server\110\Tools\Binn\;C:\Program Files (x86)\Microsoft SQL Server\110\Tools\Binn\;C:\Program Files\Microsoft SQL Server\110\DTS\Binn\;C:\Program Files (x86)\Microsoft SQL Server\110\Tools\Binn\ManagementStudio\;C:\Program Files (x86)\Microsoft Visual Studio 10.0\Common7\IDE\PrivateAssemblies\;C:\Program Files (x86)\Microsoft SQL Server\110\DTS\Binn\;C:\Program Files\Git\cmd;C:\Program Files\nodejs\;C:\ProgramData\chocolatey\bin;C:\Users\st22013407\AppData\Local\Microsoft\WindowsApps;C:\Users\st22013407\AppData\Roaming\npm
USERNAME=st22013407
DISPLAY=:0.0
LC_ALL=en_US.UTF-8
TERM=xterm-256color
TMPDIR=C:\Users\st22013407\AppData\Local\Temp
OS=Windows_NT
PROCESSOR_IDENTIFIER=Intel64 Family 6 Model 167 Stepping 1, GenuineIntel
TMP=C:\Users\st22013407\AppData\Local\Temp
TEMP=C:\Users\st22013407\AppData\Local\Temp




Periodic native trim disabled

JNI global refs:
JNI global refs: 21, weak refs: 0

JNI global refs memory usage: 835, weak refs: 833

Process memory usage:
Resident Set Size: 79236K (0% of 16569636K total physical memory with 483260K free physical memory)

OOME stack traces (most recent first):
Classloader memory used:
Loader bootstrap                                                                       : 15043K
Loader jdk.internal.loader.ClassLoaders$PlatformClassLoader                            : 1779K
Loader jdk.internal.loader.ClassLoaders$AppClassLoader                                 : 16456B

---------------  S Y S T E M  ---------------

OS:
 Windows 10 , 64 bit Build 19041 (10.0.19041.5072)
OS uptime: 0 days 5:33 hours
Hyper-V role detected

CPU: total 12 (initial active 12) (6 cores per cpu, 2 threads per core) family 6 model 167 stepping 1 microcode 0x40, cx8, cmov, fxsr, ht, mmx, 3dnowpref, sse, sse2, sse3, ssse3, sse4.1, sse4.2, popcnt, lzcnt, tsc, tscinvbit, avx, avx2, aes, erms, clmul, bmi1, bmi2, adx, avx512f, avx512dq, avx512cd, avx512bw, avx512vl, sha, fma, vzeroupper, avx512_vpopcntdq, avx512_vpclmulqdq, avx512_vaes, avx512_vnni, clflush, clflushopt, avx512_vbmi2, avx512_vbmi, hv, rdtscp, rdpid, fsrm, gfni, avx512_bitalg, f16c, avx512_ifma
Processor Information for all 12 processors :
  Max Mhz: 2592, Current Mhz: 2592, Mhz Limit: 2592

Memory: 4k page, system-wide physical 16181M (471M free)
TotalPageFile size 18229M (AvailPageFile size 5M)
current process WorkingSet (physical memory assigned to process): 77M, peak: 77M
current process commit charge ("private bytes"): 361M, peak: 362M

vm_info: OpenJDK 64-Bit Server VM (21.0.3+-12282718-b509.11) for windows-amd64 JRE (21.0.3+-12282718-b509.11), built on 2024-08-27T17:34:15Z by "builder" with MS VC++ 16.10 / 16.11 (VS2019)

END.
